22:18:34 **** Incremental Build of configuration Debug for project project3 ****
make all 
Building file: ../ADC.c
Invoking: AVR Compiler
avr-gcc -Wall -g2 -gstabs -O0 -fpack-struct -fshort-enums -ffunction-sections -fdata-sections -std=gnu99 -funsigned-char -funsigned-bitfields -mmcu=atmega32 -DF_CPU=1000000UL -MMD -MP -MF"ADC.d" -MT"ADC.o" -c -o "ADC.o" "../ADC.c"
In file included from ../lcd.h:14,
                 from ../ADC.h:14,
                 from ../ADC.c:8:
c:/winavr-20100110/lib/gcc/../../avr/include/util/delay.h:90:3: warning: #warning "Compiler optimizations disabled; functions from <util/delay.h> won't work as designed"
Finished building: ../ADC.c
 
Building file: ../dc_motor.c
Invoking: AVR Compiler
avr-gcc -Wall -g2 -gstabs -O0 -fpack-struct -fshort-enums -ffunction-sections -fdata-sections -std=gnu99 -funsigned-char -funsigned-bitfields -mmcu=atmega32 -DF_CPU=1000000UL -MMD -MP -MF"dc_motor.d" -MT"dc_motor.o" -c -o "dc_motor.o" "../dc_motor.c"
Finished building: ../dc_motor.c
 
Building file: ../gpio.c
Invoking: AVR Compiler
avr-gcc -Wall -g2 -gstabs -O0 -fpack-struct -fshort-enums -ffunction-sections -fdata-sections -std=gnu99 -funsigned-char -funsigned-bitfields -mmcu=atmega32 -DF_CPU=1000000UL -MMD -MP -MF"gpio.d" -MT"gpio.o" -c -o "gpio.o" "../gpio.c"
Finished building: ../gpio.c
 
Building file: ../lcd.c
Invoking: AVR Compiler
avr-gcc -Wall -g2 -gstabs -O0 -fpack-struct -fshort-enums -ffunction-sections -fdata-sections -std=gnu99 -funsigned-char -funsigned-bitfields -mmcu=atmega32 -DF_CPU=1000000UL -MMD -MP -MF"lcd.d" -MT"lcd.o" -c -o "lcd.o" "../lcd.c"
In file included from ../lcd.h:14,
                 from ../lcd.c:8:
c:/winavr-20100110/lib/gcc/../../avr/include/util/delay.h:90:3: warning: #warning "Compiler optimizations disabled; functions from <util/delay.h> won't work as designed"
../lcd.c: In function 'LCD_integerToString':
../lcd.c:175: warning: implicit declaration of function 'itoa'
../lcd.c:176: warning: pointer targets in passing argument 1 of 'LCD_writeString' differ in signedness
Finished building: ../lcd.c
 
Building file: ../lm35_sensor.c
Invoking: AVR Compiler
avr-gcc -Wall -g2 -gstabs -O0 -fpack-struct -fshort-enums -ffunction-sections -fdata-sections -std=gnu99 -funsigned-char -funsigned-bitfields -mmcu=atmega32 -DF_CPU=1000000UL -MMD -MP -MF"lm35_sensor.d" -MT"lm35_sensor.o" -c -o "lm35_sensor.o" "../lm35_sensor.c"
In file included from ../lcd.h:14,
                 from ../adc.h:14,
                 from ../lm35_sensor.c:14:
c:/winavr-20100110/lib/gcc/../../avr/include/util/delay.h:90:3: warning: #warning "Compiler optimizations disabled; functions from <util/delay.h> won't work as designed"
Finished building: ../lm35_sensor.c
 
Building file: ../main.c
Invoking: AVR Compiler
avr-gcc -Wall -g2 -gstabs -O0 -fpack-struct -fshort-enums -ffunction-sections -fdata-sections -std=gnu99 -funsigned-char -funsigned-bitfields -mmcu=atmega32 -DF_CPU=1000000UL -MMD -MP -MF"main.d" -MT"main.o" -c -o "main.o" "../main.c"
In file included from ../lcd.h:14,
                 from ../ADC.h:14,
                 from ../main.c:9:
c:/winavr-20100110/lib/gcc/../../avr/include/util/delay.h:90:3: warning: #warning "Compiler optimizations disabled; functions from <util/delay.h> won't work as designed"
../main.c: In function 'main':
../main.c:30: warning: pointer targets in passing argument 1 of 'LCD_writeString' differ in signedness
../main.c:32: warning: pointer targets in passing argument 1 of 'LCD_writeString' differ in signedness
../main.c:39: warning: pointer targets in passing argument 1 of 'LCD_writeString' differ in signedness
../main.c:45: warning: pointer targets in passing argument 1 of 'LCD_writeString' differ in signedness
../main.c:50: warning: pointer targets in passing argument 1 of 'LCD_writeString' differ in signedness
../main.c:55: warning: pointer targets in passing argument 1 of 'LCD_writeString' differ in signedness
../main.c:60: warning: pointer targets in passing argument 1 of 'LCD_writeString' differ in signedness
Finished building: ../main.c
 
Building file: ../pwm_timer0.c
Invoking: AVR Compiler
avr-gcc -Wall -g2 -gstabs -O0 -fpack-struct -fshort-enums -ffunction-sections -fdata-sections -std=gnu99 -funsigned-char -funsigned-bitfields -mmcu=atmega32 -DF_CPU=1000000UL -MMD -MP -MF"pwm_timer0.d" -MT"pwm_timer0.o" -c -o "pwm_timer0.o" "../pwm_timer0.c"
Finished building: ../pwm_timer0.c
 
Building target: project3.elf
Invoking: AVR C Linker
avr-gcc -Wl,-Map,project3.map -mmcu=atmega32 -o "project3.elf"  ./ADC.o ./dc_motor.o ./gpio.o ./lcd.o ./lm35_sensor.o ./main.o ./pwm_timer0.o   
Finished building target: project3.elf
 
Invoking: AVR Create Extended Listing
avr-objdump -h -S project3.elf  >"project3.lss"
Finished building: project3.lss
 
Create Flash image (ihex format)
avr-objcopy -R .eeprom -R .fuse -R .lock -R .signature -O ihex project3.elf  "project3.hex"
Finished building: project3.hex
 
Invoking: Print Size
avr-size --format=avr --mcu=atmega32 project3.elf
AVR Memory Usage
----------------
Device: atmega32

Program:    9712 bytes (29.6% Full)
(.text + .data + .bootloader)

Data:        300 bytes (14.6% Full)
(.data + .bss + .noinit)


Finished building: sizedummy
 

22:18:35 Build Finished. 0 errors, 13 warnings. (took 1s.390ms)

